Start testing: Apr 17 09:07 CST
----------------------------------------------------------
1/2 Testing: test_csv_parser
1/2 Test: test_csv_parser
Command: "/Users/Arri/git repo/11402_CS351_ProjectB/build/tests/test_csv_parser"
Directory: /Users/Arri/git repo/11402_CS351_ProjectB/build/tests
"test_csv_parser" start time: Apr 17 09:07 CST
Output:
----------------------------------------------------------
PASS: header detection
PASS: row count
PASS: type inference
PASS: quoted field with comma

All tests passed!
<end of output>
Test time =   0.55 sec
----------------------------------------------------------
Test Passed.
"test_csv_parser" end time: Apr 17 09:07 CST
"test_csv_parser" time elapsed: 00:00:00
----------------------------------------------------------

2/2 Testing: test_database
2/2 Test: test_database
Command: "/Users/Arri/git repo/11402_CS351_ProjectB/build/tests/test_database"
Directory: /Users/Arri/git repo/11402_CS351_ProjectB/build/tests
"test_database" start time: Apr 17 09:07 CST
Output:
----------------------------------------------------------
PASS: load table
PASS: get table
PASS: table not found error
PASS: overwrite table

All tests passed!
<end of output>
Test time =   0.38 sec
----------------------------------------------------------
Test Passed.
"test_database" end time: Apr 17 09:07 CST
"test_database" time elapsed: 00:00:00
----------------------------------------------------------

End testing: Apr 17 09:07 CST
